# JRE version: Java(TM) SE Runtime Environment (21.0.5+9) (build 21.0.5+9-LTS-239)
# Java VM: Java HotSpot(TM) 64-Bit Server VM (21.0.5+9-LTS-239, mixed mode, emulated-client, sharing, tiered, compressed oops, compressed class ptrs, g1 gc, windows-amd64)
GC Precious Log:
 CardTable entry size: 512
 Card Set container configuration: InlinePtr #cards 4 size 8 Array Of Cards #cards 16 size 48 Howl #buckets 8 coarsen threshold 3686 Howl Bitmap #cards 512 size 80 coarsen threshold 460 Card regions per heap region 1 cards per card region 4096
 CPUs: 20 total, 20 available
 Memory: 16108M
 Large Page Support: Disabled
 NUMA Support: Disabled
 Compressed Oops: Enabled (Zero based)
 Heap Region Size: 2M
 Heap Min Capacity: 8M
 Heap Initial Capacity: 252M
 Heap Max Capacity: 4028M
 Pre-touch: Disabled
 Parallel Workers: 15
 Concurrent Workers: 4
 Concurrent Refinement Workers: 15
 Periodic GC: Disabled
Heap:
 garbage-first heap   total 208896K, used 106321K [0x0000000704400000, 0x0000000800000000)
  region size 2048K, 4 young (8192K), 4 survivors (8192K)
 Metaspace       used 44822K, committed 45312K, reserved 1114112K
  class space    used 5592K, committed 5824K, reserved 1048576K
GC Heap History (20 events):
Event: 11093.890 GC heap after
{Heap after GC invocations=307 (full 0):
 garbage-first heap   total 155648K, used 65262K [0x0000000704400000, 0x0000000800000000)
  region size 2048K, 5 young (10240K), 5 survivors (10240K)
 Metaspace       used 44695K, committed 45184K, reserved 1114112K
  class space    used 5562K, committed 5824K, reserved 1048576K
}
Event: 11094.553 GC heap before
{Heap before GC invocations=307 (full 0):
 garbage-first heap   total 155648K, used 132846K [0x0000000704400000, 0x0000000800000000)
  region size 2048K, 38 young (77824K), 5 survivors (10240K)
 Metaspace       used 44695K, committed 45184K, reserved 1114112K
  class space    used 5562K, committed 5824K, reserved 1048576K
}
Event: 11094.566 GC heap after
{Heap after GC invocations=308 (full 0):
 garbage-first heap   total 155648K, used 72224K [0x0000000704400000, 0x0000000800000000)
  region size 2048K, 4 young (8192K), 4 survivors (8192K)
 Metaspace       used 44695K, committed 45184K, reserved 1114112K
  class space    used 5562K, committed 5824K, reserved 1048576K
}
Event: 11114.075 GC heap before
{Heap before GC invocations=309 (full 0):
 garbage-first heap   total 155648K, used 133664K [0x0000000704400000, 0x0000000800000000)
  region size 2048K, 34 young (69632K), 4 survivors (8192K)
 Metaspace       used 44695K, committed 45184K, reserved 1114112K
  class space    used 5562K, committed 5824K, reserved 1048576K
}
Event: 11114.089 GC heap after
{Heap after GC invocations=310 (full 0):
 garbage-first heap   total 155648K, used 75052K [0x0000000704400000, 0x0000000800000000)
  region size 2048K, 2 young (4096K), 2 survivors (4096K)
 Metaspace       used 44695K, committed 45184K, reserved 1114112K
  class space    used 5562K, committed 5824K, reserved 1048576K
}
Event: 11117.830 GC heap before
{Heap before GC invocations=310 (full 0):
 garbage-first heap   total 155648K, used 136492K [0x0000000704400000, 0x0000000800000000)
  region size 2048K, 32 young (65536K), 2 survivors (4096K)
 Metaspace       used 44699K, committed 45184K, reserved 1114112K
  class space    used 5563K, committed 5824K, reserved 1048576K
}
Event: 11117.840 GC heap after
{Heap after GC invocations=311 (full 0):
 garbage-first heap   total 155648K, used 80666K [0x0000000704400000, 0x0000000800000000)
  region size 2048K, 4 young (8192K), 4 survivors (8192K)
 Metaspace       used 44699K, committed 45184K, reserved 1114112K
  class space    used 5563K, committed 5824K, reserved 1048576K
}
Event: 11127.260 GC heap before
{Heap before GC invocations=311 (full 0):
 garbage-first heap   total 155648K, used 135962K [0x0000000704400000, 0x0000000800000000)
  region size 2048K, 31 young (63488K), 4 survivors (8192K)
 Metaspace       used 44701K, committed 45184K, reserved 1114112K
  class space    used 5564K, committed 5824K, reserved 1048576K
}
Event: 11127.265 GC heap after
{Heap after GC invocations=312 (full 0):
 garbage-first heap   total 155648K, used 81089K [0x0000000704400000, 0x0000000800000000)
  region size 2048K, 3 young (6144K), 3 survivors (6144K)
 Metaspace       used 44701K, committed 45184K, reserved 1114112K
  class space    used 5564K, committed 5824K, reserved 1048576K
}
Event: 11127.603 GC heap before
{Heap before GC invocations=313 (full 0):
 garbage-first heap   total 155648K, used 117953K [0x0000000704400000, 0x0000000800000000)
  region size 2048K, 30 young (61440K), 3 survivors (6144K)
 Metaspace       used 44701K, committed 45184K, reserved 1114112K
  class space    used 5564K, committed 5824K, reserved 1048576K
}
Event: 11127.617 GC heap after
{Heap after GC invocations=314 (full 0):
 garbage-first heap   total 190464K, used 65843K [0x0000000704400000, 0x0000000800000000)
  region size 2048K, 2 young (4096K), 2 survivors (4096K)
 Metaspace       used 44701K, committed 45184K, reserved 1114112K
  class space    used 5564K, committed 5824K, reserved 1048576K
}
Event: 11148.693 GC heap before
{Heap before GC invocations=314 (full 0):
 garbage-first heap   total 190464K, used 164147K [0x0000000704400000, 0x0000000800000000)
  region size 2048K, 50 young (102400K), 2 survivors (4096K)
 Metaspace       used 44799K, committed 45312K, reserved 1114112K
  class space    used 5587K, committed 5824K, reserved 1048576K
}
Event: 11148.713 GC heap after
{Heap after GC invocations=315 (full 0):
 garbage-first heap   total 208896K, used 102400K [0x0000000704400000, 0x0000000800000000)
  region size 2048K, 7 young (14336K), 7 survivors (14336K)
 Metaspace       used 44799K, committed 45312K, reserved 1114112K
  class space    used 5587K, committed 5824K, reserved 1048576K
}
Event: 11148.925 GC heap before
{Heap before GC invocations=315 (full 0):
 garbage-first heap   total 208896K, used 161792K [0x0000000704400000, 0x0000000800000000)
  region size 2048K, 36 young (73728K), 7 survivors (14336K)
 Metaspace       used 44799K, committed 45312K, reserved 1114112K
  class space    used 5587K, committed 5824K, reserved 1048576K
}
Event: 11148.934 GC heap after
{Heap after GC invocations=316 (full 0):
 garbage-first heap   total 208896K, used 114146K [0x0000000704400000, 0x0000000800000000)
  region size 2048K, 5 young (10240K), 5 survivors (10240K)
 Metaspace       used 44799K, committed 45312K, reserved 1114112K
  class space    used 5587K, committed 5824K, reserved 1048576K
}
Event: 11149.137 GC heap before
{Heap before GC invocations=317 (full 0):
 garbage-first heap   total 208896K, used 151010K [0x0000000704400000, 0x0000000800000000)
  region size 2048K, 32 young (65536K), 5 survivors (10240K)
 Metaspace       used 44799K, committed 45312K, reserved 1114112K
  class space    used 5587K, committed 5824K, reserved 1048576K
}
Event: 11149.146 GC heap after
{Heap after GC invocations=318 (full 0):
 garbage-first heap   total 208896K, used 101549K [0x0000000704400000, 0x0000000800000000)
  region size 2048K, 3 young (6144K), 3 survivors (6144K)
 Metaspace       used 44799K, committed 45312K, reserved 1114112K
  class space    used 5587K, committed 5824K, reserved 1048576K
}
Event: 11149.396 GC heap before
{Heap before GC invocations=318 (full 0):
 garbage-first heap   total 208896K, used 169133K [0x0000000704400000, 0x0000000800000000)
  region size 2048K, 36 young (73728K), 3 survivors (6144K)
 Metaspace       used 44799K, committed 45312K, reserved 1114112K
  class space    used 5587K, committed 5824K, reserved 1048576K
}
Event: 11149.402 GC heap after
{Heap after GC invocations=319 (full 0):
 garbage-first heap   total 208896K, used 98774K [0x0000000704400000, 0x0000000800000000)
  region size 2048K, 4 young (8192K), 4 survivors (8192K)
 Metaspace       used 44799K, committed 45312K, reserved 1114112K
  class space    used 5587K, committed 5824K, reserved 1048576K
}
Event: 11149.683 GC heap before
{Heap before GC invocations=319 (full 0):
 garbage-first heap   total 208896K, used 170454K [0x0000000704400000, 0x0000000800000000)
  region size 2048K, 39 young (79872K), 4 survivors (8192K)
 Metaspace       used 44822K, committed 45312K, reserved 1114112K
  class space    used 5592K, committed 5824K, reserved 1048576K
}

